<?xml version="1.0" encoding="UTF-8"?>
<!-- Generated by org.testng.reporters.JUnitReportReporter -->
<testsuite hostname="MSI" failures="0" tests="1" name="using_testng.AutomateFlightBookingTest" time="25.082" errors="0" timestamp="2025-01-24T13:21:59 IST" skipped="0">
  <testcase classname="using_testng.AutomateFlightBookingTest" name="flightSearchAutomation" time="25.082"/>
</testsuite> <!-- using_testng.AutomateFlightBookingTest -->
