<?xml version="1.0" encoding="UTF-8"?>
<!-- Generated by org.testng.reporters.JUnitReportReporter -->
<testsuite hostname="MSI" failures="0" tests="1" name="using_testng.VerifyMakeMyTripLogoTest" time="9.122" errors="0" timestamp="2025-01-24T13:09:34 IST" skipped="0">
  <testcase classname="using_testng.VerifyMakeMyTripLogoTest" name="verifyLogoPresence" time="9.122"/>
</testsuite> <!-- using_testng.VerifyMakeMyTripLogoTest -->
